<?xml version="1.0" encoding="UTF-8"?>
<!-- Generated by org.testng.reporters.JUnitReportReporter -->
<testsuite hostname="EKO" name="selenium_basic_learning.SeleniumBasicLearning1.test1" tests="1" failures="0" timestamp="18 May 2016 12:47:35 GMT" time="8.120" errors="0">
  <testcase name="Login" time="8.120" classname="selenium_basic_learning.SeleniumBasicLearning1.test1"/>
</testsuite> <!-- selenium_basic_learning.SeleniumBasicLearning1.test1 -->
