<?xml version="1.0" encoding="UTF-8"?>
<!-- Generated by org.testng.reporters.JUnitReportReporter -->
<testsuite hostname="EKO" name="selenium_basic_learning.SeleniumBasicLearning1.TestTest" tests="1" failures="0" timestamp="19 May 2016 10:38:28 GMT" time="1.910" errors="0">
  <testcase name="Login" time="1.910" classname="selenium_basic_learning.SeleniumBasicLearning1.TestTest"/>
</testsuite> <!-- selenium_basic_learning.SeleniumBasicLearning1.TestTest -->
